{"C:\\Users\\Sumit\\Desktop\\sms-system-otp\\controllers\\otp.controller.js": {"path":"C:\\Users\\Sumit\\Desktop\\sms-system-otp\\controllers\\otp.controller.js","statementMap":{"0":{"start":{"line":1,"column":29},"end":{"line":1,"column":57}},"1":{"start":{"line":2,"column":19},"end":{"line":2,"column":53}},"2":{"start":{"line":3,"column":19},"end":{"line":3,"column":54}},"3":{"start":{"line":4,"column":15},"end":{"line":4,"column":42}},"4":{"start":{"line":10,"column":16},"end":{"line":55,"column":1}},"5":{"start":{"line":11,"column":2},"end":{"line":54,"column":3}},"6":{"start":{"line":13,"column":19},"end":{"line":13,"column":40}},"7":{"start":{"line":14,"column":4},"end":{"line":20,"column":5}},"8":{"start":{"line":15,"column":6},"end":{"line":19,"column":9}},"9":{"start":{"line":18,"column":43},"end":{"line":18,"column":76}},"10":{"start":{"line":22,"column":28},"end":{"line":22,"column":36}},"11":{"start":{"line":23,"column":22},"end":{"line":23,"column":61}},"12":{"start":{"line":26,"column":21},"end":{"line":26,"column":70}},"13":{"start":{"line":27,"column":4},"end":{"line":33,"column":5}},"14":{"start":{"line":28,"column":6},"end":{"line":32,"column":9}},"15":{"start":{"line":36,"column":19},"end":{"line":36,"column":67}},"16":{"start":{"line":38,"column":21},"end":{"line":43,"column":5}},"17":{"start":{"line":46,"column":4},"end":{"line":49,"column":5}},"18":{"start":{"line":47,"column":6},"end":{"line":47,"column":27}},"19":{"start":{"line":48,"column":6},"end":{"line":48,"column":100}},"20":{"start":{"line":51,"column":4},"end":{"line":51,"column":42}},"21":{"start":{"line":53,"column":4},"end":{"line":53,"column":16}},"22":{"start":{"line":61,"column":18},"end":{"line":99,"column":1}},"23":{"start":{"line":62,"column":2},"end":{"line":98,"column":3}},"24":{"start":{"line":63,"column":19},"end":{"line":63,"column":40}},"25":{"start":{"line":64,"column":4},"end":{"line":70,"column":5}},"26":{"start":{"line":65,"column":6},"end":{"line":69,"column":9}},"27":{"start":{"line":68,"column":43},"end":{"line":68,"column":76}},"28":{"start":{"line":72,"column":34},"end":{"line":72,"column":42}},"29":{"start":{"line":75,"column":21},"end":{"line":75,"column":84}},"30":{"start":{"line":78,"column":18},"end":{"line":78,"column":48}},"31":{"start":{"line":80,"column":4},"end":{"line":86,"column":7}},"32":{"start":{"line":89,"column":4},"end":{"line":96,"column":5}},"33":{"start":{"line":90,"column":6},"end":{"line":95,"column":9}},"34":{"start":{"line":97,"column":4},"end":{"line":97,"column":16}},"35":{"start":{"line":105,"column":18},"end":{"line":126,"column":1}},"36":{"start":{"line":106,"column":2},"end":{"line":125,"column":3}},"37":{"start":{"line":107,"column":19},"end":{"line":107,"column":40}},"38":{"start":{"line":108,"column":4},"end":{"line":113,"column":5}},"39":{"start":{"line":109,"column":6},"end":{"line":112,"column":9}},"40":{"start":{"line":111,"column":43},"end":{"line":111,"column":76}},"41":{"start":{"line":115,"column":28},"end":{"line":115,"column":37}},"42":{"start":{"line":116,"column":21},"end":{"line":116,"column":70}},"43":{"start":{"line":118,"column":4},"end":{"line":122,"column":7}},"44":{"start":{"line":124,"column":4},"end":{"line":124,"column":16}},"45":{"start":{"line":128,"column":0},"end":{"line":128,"column":51}}},"fnMap":{"0":{"name":"(anonymous_0)","decl":{"start":{"line":10,"column":16},"end":{"line":10,"column":17}},"loc":{"start":{"line":10,"column":42},"end":{"line":55,"column":1}},"line":10},"1":{"name":"(anonymous_1)","decl":{"start":{"line":18,"column":35},"end":{"line":18,"column":36}},"loc":{"start":{"line":18,"column":43},"end":{"line":18,"column":76}},"line":18},"2":{"name":"(anonymous_2)","decl":{"start":{"line":61,"column":18},"end":{"line":61,"column":19}},"loc":{"start":{"line":61,"column":44},"end":{"line":99,"column":1}},"line":61},"3":{"name":"(anonymous_3)","decl":{"start":{"line":68,"column":35},"end":{"line":68,"column":36}},"loc":{"start":{"line":68,"column":43},"end":{"line":68,"column":76}},"line":68},"4":{"name":"(anonymous_4)","decl":{"start":{"line":105,"column":18},"end":{"line":105,"column":19}},"loc":{"start":{"line":105,"column":44},"end":{"line":126,"column":1}},"line":105},"5":{"name":"(anonymous_5)","decl":{"start":{"line":111,"column":35},"end":{"line":111,"column":36}},"loc":{"start":{"line":111,"column":43},"end":{"line":111,"column":76}},"line":111}},"branchMap":{"0":{"loc":{"start":{"line":14,"column":4},"end":{"line":20,"column":5}},"type":"if","locations":[{"start":{"line":14,"column":4},"end":{"line":20,"column":5}},{"start":{},"end":{}}],"line":14},"1":{"loc":{"start":{"line":23,"column":22},"end":{"line":23,"column":61}},"type":"binary-expr","locations":[{"start":{"line":23,"column":22},"end":{"line":23,"column":28}},{"start":{"line":23,"column":32},"end":{"line":23,"column":61}}],"line":23},"2":{"loc":{"start":{"line":27,"column":4},"end":{"line":33,"column":5}},"type":"if","locations":[{"start":{"line":27,"column":4},"end":{"line":33,"column":5}},{"start":{},"end":{}}],"line":27},"3":{"loc":{"start":{"line":46,"column":4},"end":{"line":49,"column":5}},"type":"if","locations":[{"start":{"line":46,"column":4},"end":{"line":49,"column":5}},{"start":{},"end":{}}],"line":46},"4":{"loc":{"start":{"line":46,"column":8},"end":{"line":46,"column":60}},"type":"binary-expr","locations":[{"start":{"line":46,"column":8},"end":{"line":46,"column":19}},{"start":{"line":46,"column":23},"end":{"line":46,"column":60}}],"line":46},"5":{"loc":{"start":{"line":64,"column":4},"end":{"line":70,"column":5}},"type":"if","locations":[{"start":{"line":64,"column":4},"end":{"line":70,"column":5}},{"start":{},"end":{}}],"line":64},"6":{"loc":{"start":{"line":84,"column":17},"end":{"line":84,"column":51}},"type":"binary-expr","locations":[{"start":{"line":84,"column":17},"end":{"line":84,"column":43}},{"start":{"line":84,"column":47},"end":{"line":84,"column":51}}],"line":84},"7":{"loc":{"start":{"line":89,"column":4},"end":{"line":96,"column":5}},"type":"if","locations":[{"start":{"line":89,"column":4},"end":{"line":96,"column":5}},{"start":{},"end":{}}],"line":89},"8":{"loc":{"start":{"line":108,"column":4},"end":{"line":113,"column":5}},"type":"if","locations":[{"start":{"line":108,"column":4},"end":{"line":113,"column":5}},{"start":{},"end":{}}],"line":108},"9":{"loc":{"start":{"line":121,"column":10},"end":{"line":121,"column":87}},"type":"binary-expr","locations":[{"start":{"line":121,"column":10},"end":{"line":121,"column":35}},{"start":{"line":121,"column":39},"end":{"line":121,"column":87}}],"line":121}},"s":{"0":0,"1":0,"2":0,"3":0,"4":0,"5":0,"6":0,"7":0,"8":0,"9":0,"10":0,"11":0,"12":0,"13":0,"14":0,"15":0,"16":0,"17":0,"18":0,"19":0,"20":0,"21":0,"22":0,"23":0,"24":0,"25":0,"26":0,"27":0,"28":0,"29":0,"30":0,"31":0,"32":0,"33":0,"34":0,"35":0,"36":0,"37":0,"38":0,"39":0,"40":0,"41":0,"42":0,"43":0,"44":0,"45":0},"f":{"0":0,"1":0,"2":0,"3":0,"4":0,"5":0},"b":{"0":[0,0],"1":[0,0],"2":[0,0],"3":[0,0],"4":[0,0],"5":[0,0],"6":[0,0],"7":[0,0],"8":[0,0],"9":[0,0]}}
,"C:\\Users\\Sumit\\Desktop\\sms-system-otp\\controllers\\user.controller.js": {"path":"C:\\Users\\Sumit\\Desktop\\sms-system-otp\\controllers\\user.controller.js","statementMap":{"0":{"start":{"line":1,"column":13},"end":{"line":1,"column":44}},"1":{"start":{"line":3,"column":19},"end":{"line":21,"column":1}},"2":{"start":{"line":4,"column":2},"end":{"line":20,"column":3}},"3":{"start":{"line":5,"column":17},"end":{"line":5,"column":50}},"4":{"start":{"line":7,"column":4},"end":{"line":12,"column":5}},"5":{"start":{"line":8,"column":6},"end":{"line":11,"column":9}},"6":{"start":{"line":14,"column":4},"end":{"line":17,"column":7}},"7":{"start":{"line":19,"column":4},"end":{"line":19,"column":16}},"8":{"start":{"line":23,"column":22},"end":{"line":48,"column":1}},"9":{"start":{"line":24,"column":2},"end":{"line":47,"column":3}},"10":{"start":{"line":25,"column":21},"end":{"line":25,"column":29}},"11":{"start":{"line":27,"column":17},"end":{"line":31,"column":5}},"12":{"start":{"line":33,"column":4},"end":{"line":38,"column":5}},"13":{"start":{"line":34,"column":6},"end":{"line":37,"column":9}},"14":{"start":{"line":40,"column":4},"end":{"line":44,"column":7}},"15":{"start":{"line":46,"column":4},"end":{"line":46,"column":16}},"16":{"start":{"line":50,"column":0},"end":{"line":50,"column":47}}},"fnMap":{"0":{"name":"(anonymous_0)","decl":{"start":{"line":3,"column":19},"end":{"line":3,"column":20}},"loc":{"start":{"line":3,"column":45},"end":{"line":21,"column":1}},"line":3},"1":{"name":"(anonymous_1)","decl":{"start":{"line":23,"column":22},"end":{"line":23,"column":23}},"loc":{"start":{"line":23,"column":48},"end":{"line":48,"column":1}},"line":23}},"branchMap":{"0":{"loc":{"start":{"line":7,"column":4},"end":{"line":12,"column":5}},"type":"if","locations":[{"start":{"line":7,"column":4},"end":{"line":12,"column":5}},{"start":{},"end":{}}],"line":7},"1":{"loc":{"start":{"line":33,"column":4},"end":{"line":38,"column":5}},"type":"if","locations":[{"start":{"line":33,"column":4},"end":{"line":38,"column":5}},{"start":{},"end":{}}],"line":33}},"s":{"0":0,"1":0,"2":0,"3":0,"4":0,"5":0,"6":0,"7":0,"8":0,"9":0,"10":0,"11":0,"12":0,"13":0,"14":0,"15":0,"16":0},"f":{"0":0,"1":0},"b":{"0":[0,0],"1":[0,0]}}
,"C:\\Users\\Sumit\\Desktop\\sms-system-otp\\middleware\\auth.middleware.js": {"path":"C:\\Users\\Sumit\\Desktop\\sms-system-otp\\middleware\\auth.middleware.js","statementMap":{"0":{"start":{"line":1,"column":19},"end":{"line":1,"column":54}},"1":{"start":{"line":2,"column":13},"end":{"line":2,"column":44}},"2":{"start":{"line":8,"column":20},"end":{"line":31,"column":1}},"3":{"start":{"line":9,"column":16},"end":{"line":9,"column":71}},"4":{"start":{"line":11,"column":2},"end":{"line":17,"column":3}},"5":{"start":{"line":12,"column":4},"end":{"line":16,"column":7}},"6":{"start":{"line":19,"column":36},"end":{"line":19,"column":65}},"7":{"start":{"line":21,"column":2},"end":{"line":27,"column":3}},"8":{"start":{"line":22,"column":4},"end":{"line":26,"column":7}},"9":{"start":{"line":29,"column":2},"end":{"line":29,"column":21}},"10":{"start":{"line":30,"column":2},"end":{"line":30,"column":9}},"11":{"start":{"line":37,"column":24},"end":{"line":46,"column":1}},"12":{"start":{"line":38,"column":2},"end":{"line":44,"column":3}},"13":{"start":{"line":39,"column":4},"end":{"line":43,"column":7}},"14":{"start":{"line":45,"column":2},"end":{"line":45,"column":9}},"15":{"start":{"line":48,"column":0},"end":{"line":48,"column":50}}},"fnMap":{"0":{"name":"(anonymous_0)","decl":{"start":{"line":8,"column":20},"end":{"line":8,"column":21}},"loc":{"start":{"line":8,"column":46},"end":{"line":31,"column":1}},"line":8},"1":{"name":"(anonymous_1)","decl":{"start":{"line":37,"column":24},"end":{"line":37,"column":25}},"loc":{"start":{"line":37,"column":44},"end":{"line":46,"column":1}},"line":37}},"branchMap":{"0":{"loc":{"start":{"line":11,"column":2},"end":{"line":17,"column":3}},"type":"if","locations":[{"start":{"line":11,"column":2},"end":{"line":17,"column":3}},{"start":{},"end":{}}],"line":11},"1":{"loc":{"start":{"line":21,"column":2},"end":{"line":27,"column":3}},"type":"if","locations":[{"start":{"line":21,"column":2},"end":{"line":27,"column":3}},{"start":{},"end":{}}],"line":21},"2":{"loc":{"start":{"line":24,"column":15},"end":{"line":24,"column":40}},"type":"binary-expr","locations":[{"start":{"line":24,"column":15},"end":{"line":24,"column":20}},{"start":{"line":24,"column":24},"end":{"line":24,"column":40}}],"line":24},"3":{"loc":{"start":{"line":38,"column":2},"end":{"line":44,"column":3}},"type":"if","locations":[{"start":{"line":38,"column":2},"end":{"line":44,"column":3}},{"start":{},"end":{}}],"line":38}},"s":{"0":0,"1":0,"2":0,"3":0,"4":0,"5":0,"6":0,"7":0,"8":0,"9":0,"10":0,"11":0,"12":0,"13":0,"14":0,"15":0},"f":{"0":0,"1":0},"b":{"0":[0,0],"1":[0,0],"2":[0,0],"3":[0,0]}}
,"C:\\Users\\Sumit\\Desktop\\sms-system-otp\\middleware\\error.handler.js": {"path":"C:\\Users\\Sumit\\Desktop\\sms-system-otp\\middleware\\error.handler.js","statementMap":{"0":{"start":{"line":2,"column":15},"end":{"line":2,"column":42}},"1":{"start":{"line":7,"column":22},"end":{"line":25,"column":1}},"2":{"start":{"line":8,"column":2},"end":{"line":8,"column":44}},"3":{"start":{"line":8,"column":22},"end":{"line":8,"column":44}},"4":{"start":{"line":9,"column":2},"end":{"line":9,"column":36}},"5":{"start":{"line":9,"column":18},"end":{"line":9,"column":36}},"6":{"start":{"line":12,"column":2},"end":{"line":12,"column":49}},"7":{"start":{"line":12,"column":38},"end":{"line":12,"column":49}},"8":{"start":{"line":15,"column":2},"end":{"line":15,"column":37}},"9":{"start":{"line":15,"column":26},"end":{"line":15,"column":37}},"10":{"start":{"line":18,"column":2},"end":{"line":18,"column":51}},"11":{"start":{"line":18,"column":40},"end":{"line":18,"column":51}},"12":{"start":{"line":19,"column":2},"end":{"line":19,"column":51}},"13":{"start":{"line":19,"column":40},"end":{"line":19,"column":51}},"14":{"start":{"line":22,"column":2},"end":{"line":22,"column":48}},"15":{"start":{"line":22,"column":37},"end":{"line":22,"column":48}},"16":{"start":{"line":24,"column":2},"end":{"line":24,"column":13}},"17":{"start":{"line":30,"column":24},"end":{"line":49,"column":1}},"18":{"start":{"line":32,"column":2},"end":{"line":34,"column":3}},"19":{"start":{"line":33,"column":4},"end":{"line":33,"column":67}},"20":{"start":{"line":37,"column":2},"end":{"line":40,"column":3}},"21":{"start":{"line":38,"column":18},"end":{"line":38,"column":52}},"22":{"start":{"line":39,"column":4},"end":{"line":39,"column":67}},"23":{"start":{"line":43,"column":2},"end":{"line":46,"column":3}},"24":{"start":{"line":44,"column":21},"end":{"line":44,"column":68}},"25":{"start":{"line":44,"column":58},"end":{"line":44,"column":67}},"26":{"start":{"line":45,"column":4},"end":{"line":45,"column":30}},"27":{"start":{"line":48,"column":2},"end":{"line":48,"column":45}},"28":{"start":{"line":55,"column":21},"end":{"line":80,"column":1}},"29":{"start":{"line":56,"column":21},"end":{"line":56,"column":39}},"30":{"start":{"line":57,"column":18},"end":{"line":57,"column":50}},"31":{"start":{"line":60,"column":2},"end":{"line":70,"column":3}},"32":{"start":{"line":61,"column":4},"end":{"line":67,"column":7}},"33":{"start":{"line":69,"column":4},"end":{"line":69,"column":79}},"34":{"start":{"line":72,"column":2},"end":{"line":79,"column":5}},"35":{"start":{"line":82,"column":0},"end":{"line":82,"column":30}}},"fnMap":{"0":{"name":"(anonymous_0)","decl":{"start":{"line":7,"column":22},"end":{"line":7,"column":23}},"loc":{"start":{"line":7,"column":31},"end":{"line":25,"column":1}},"line":7},"1":{"name":"(anonymous_1)","decl":{"start":{"line":30,"column":24},"end":{"line":30,"column":25}},"loc":{"start":{"line":30,"column":45},"end":{"line":49,"column":1}},"line":30},"2":{"name":"(anonymous_2)","decl":{"start":{"line":44,"column":51},"end":{"line":44,"column":52}},"loc":{"start":{"line":44,"column":58},"end":{"line":44,"column":67}},"line":44},"3":{"name":"(anonymous_3)","decl":{"start":{"line":55,"column":21},"end":{"line":55,"column":22}},"loc":{"start":{"line":55,"column":46},"end":{"line":80,"column":1}},"line":55}},"branchMap":{"0":{"loc":{"start":{"line":8,"column":2},"end":{"line":8,"column":44}},"type":"if","locations":[{"start":{"line":8,"column":2},"end":{"line":8,"column":44}},{"start":{},"end":{}}],"line":8},"1":{"loc":{"start":{"line":9,"column":2},"end":{"line":9,"column":36}},"type":"if","locations":[{"start":{"line":9,"column":2},"end":{"line":9,"column":36}},{"start":{},"end":{}}],"line":9},"2":{"loc":{"start":{"line":12,"column":2},"end":{"line":12,"column":49}},"type":"if","locations":[{"start":{"line":12,"column":2},"end":{"line":12,"column":49}},{"start":{},"end":{}}],"line":12},"3":{"loc":{"start":{"line":15,"column":2},"end":{"line":15,"column":37}},"type":"if","locations":[{"start":{"line":15,"column":2},"end":{"line":15,"column":37}},{"start":{},"end":{}}],"line":15},"4":{"loc":{"start":{"line":18,"column":2},"end":{"line":18,"column":51}},"type":"if","locations":[{"start":{"line":18,"column":2},"end":{"line":18,"column":51}},{"start":{},"end":{}}],"line":18},"5":{"loc":{"start":{"line":19,"column":2},"end":{"line":19,"column":51}},"type":"if","locations":[{"start":{"line":19,"column":2},"end":{"line":19,"column":51}},{"start":{},"end":{}}],"line":19},"6":{"loc":{"start":{"line":22,"column":2},"end":{"line":22,"column":48}},"type":"if","locations":[{"start":{"line":22,"column":2},"end":{"line":22,"column":48}},{"start":{},"end":{}}],"line":22},"7":{"loc":{"start":{"line":32,"column":2},"end":{"line":34,"column":3}},"type":"if","locations":[{"start":{"line":32,"column":2},"end":{"line":34,"column":3}},{"start":{},"end":{}}],"line":32},"8":{"loc":{"start":{"line":32,"column":6},"end":{"line":32,"column":65}},"type":"binary-expr","locations":[{"start":{"line":32,"column":6},"end":{"line":32,"column":24}},{"start":{"line":32,"column":28},"end":{"line":32,"column":65}}],"line":32},"9":{"loc":{"start":{"line":37,"column":2},"end":{"line":40,"column":3}},"type":"if","locations":[{"start":{"line":37,"column":2},"end":{"line":40,"column":3}},{"start":{},"end":{}}],"line":37},"10":{"loc":{"start":{"line":38,"column":30},"end":{"line":38,"column":48}},"type":"binary-expr","locations":[{"start":{"line":38,"column":30},"end":{"line":38,"column":42}},{"start":{"line":38,"column":46},"end":{"line":38,"column":48}}],"line":38},"11":{"loc":{"start":{"line":39,"column":11},"end":{"line":39,"column":66}},"type":"cond-expr","locations":[{"start":{"line":39,"column":19},"end":{"line":39,"column":45}},{"start":{"line":39,"column":48},"end":{"line":39,"column":66}}],"line":39},"12":{"loc":{"start":{"line":43,"column":2},"end":{"line":46,"column":3}},"type":"if","locations":[{"start":{"line":43,"column":2},"end":{"line":46,"column":3}},{"start":{},"end":{}}],"line":43},"13":{"loc":{"start":{"line":48,"column":9},"end":{"line":48,"column":44}},"type":"binary-expr","locations":[{"start":{"line":48,"column":9},"end":{"line":48,"column":20}},{"start":{"line":48,"column":24},"end":{"line":48,"column":44}}],"line":48},"14":{"loc":{"start":{"line":60,"column":2},"end":{"line":70,"column":3}},"type":"if","locations":[{"start":{"line":60,"column":2},"end":{"line":70,"column":3}},{"start":{"line":68,"column":9},"end":{"line":70,"column":3}}],"line":60},"15":{"loc":{"start":{"line":75,"column":8},"end":{"line":78,"column":5}},"type":"binary-expr","locations":[{"start":{"line":75,"column":8},"end":{"line":75,"column":46}},{"start":{"line":75,"column":50},"end":{"line":78,"column":5}}],"line":75}},"s":{"0":0,"1":0,"2":0,"3":0,"4":0,"5":0,"6":0,"7":0,"8":0,"9":0,"10":0,"11":0,"12":0,"13":0,"14":0,"15":0,"16":0,"17":0,"18":0,"19":0,"20":0,"21":0,"22":0,"23":0,"24":0,"25":0,"26":0,"27":0,"28":0,"29":0,"30":0,"31":0,"32":0,"33":0,"34":0,"35":0},"f":{"0":0,"1":0,"2":0,"3":0},"b":{"0":[0,0],"1":[0,0],"2":[0,0],"3":[0,0],"4":[0,0],"5":[0,0],"6":[0,0],"7":[0,0],"8":[0,0],"9":[0,0],"10":[0,0],"11":[0,0],"12":[0,0],"13":[0,0],"14":[0,0],"15":[0,0]}}
,"C:\\Users\\Sumit\\Desktop\\sms-system-otp\\middleware\\ratelimiter.js": {"path":"C:\\Users\\Sumit\\Desktop\\sms-system-otp\\middleware\\ratelimiter.js","statementMap":{"0":{"start":{"line":1,"column":18},"end":{"line":1,"column":47}},"1":{"start":{"line":7,"column":26},"end":{"line":18,"column":2}},"2":{"start":{"line":17,"column":17},"end":{"line":17,"column":39}},"3":{"start":{"line":24,"column":27},"end":{"line":37,"column":2}},"4":{"start":{"line":30,"column":4},"end":{"line":30,"column":43}},"5":{"start":{"line":39,"column":0},"end":{"line":39,"column":59}}},"fnMap":{"0":{"name":"(anonymous_0)","decl":{"start":{"line":17,"column":8},"end":{"line":17,"column":9}},"loc":{"start":{"line":17,"column":17},"end":{"line":17,"column":39}},"line":17},"1":{"name":"(anonymous_1)","decl":{"start":{"line":27,"column":16},"end":{"line":27,"column":17}},"loc":{"start":{"line":27,"column":25},"end":{"line":31,"column":3}},"line":27}},"branchMap":{"0":{"loc":{"start":{"line":8,"column":12},"end":{"line":8,"column":72}},"type":"binary-expr","locations":[{"start":{"line":8,"column":12},"end":{"line":8,"column":54}},{"start":{"line":8,"column":58},"end":{"line":8,"column":72}}],"line":8},"1":{"loc":{"start":{"line":9,"column":7},"end":{"line":9,"column":59}},"type":"binary-expr","locations":[{"start":{"line":9,"column":7},"end":{"line":9,"column":52}},{"start":{"line":9,"column":56},"end":{"line":9,"column":59}}],"line":9},"2":{"loc":{"start":{"line":26,"column":7},"end":{"line":26,"column":52}},"type":"binary-expr","locations":[{"start":{"line":26,"column":7},"end":{"line":26,"column":47}},{"start":{"line":26,"column":51},"end":{"line":26,"column":52}}],"line":26},"3":{"loc":{"start":{"line":30,"column":11},"end":{"line":30,"column":42}},"type":"binary-expr","locations":[{"start":{"line":30,"column":11},"end":{"line":30,"column":32}},{"start":{"line":30,"column":36},"end":{"line":30,"column":42}}],"line":30}},"s":{"0":0,"1":0,"2":0,"3":0,"4":0,"5":0},"f":{"0":0,"1":0},"b":{"0":[0,0],"1":[0,0],"2":[0,0],"3":[0,0]}}
,"C:\\Users\\Sumit\\Desktop\\sms-system-otp\\models\\otp.model.js": {"path":"C:\\Users\\Sumit\\Desktop\\sms-system-otp\\models\\otp.model.js","statementMap":{"0":{"start":{"line":1,"column":17},"end":{"line":1,"column":36}},"1":{"start":{"line":2,"column":15},"end":{"line":2,"column":32}},"2":{"start":{"line":11,"column":19},"end":{"line":16,"column":1}},"3":{"start":{"line":18,"column":18},"end":{"line":72,"column":1}},"4":{"start":{"line":76,"column":0},"end":{"line":76,"column":63}},"5":{"start":{"line":79,"column":0},"end":{"line":79,"column":61}},"6":{"start":{"line":87,"column":0},"end":{"line":89,"column":2}},"7":{"start":{"line":88,"column":2},"end":{"line":88,"column":37}},"8":{"start":{"line":95,"column":0},"end":{"line":97,"column":2}},"9":{"start":{"line":96,"column":2},"end":{"line":96,"column":43}},"10":{"start":{"line":105,"column":0},"end":{"line":120,"column":2}},"11":{"start":{"line":106,"column":15},"end":{"line":109,"column":18}},"12":{"start":{"line":112,"column":2},"end":{"line":119,"column":3}},"13":{"start":{"line":113,"column":4},"end":{"line":116,"column":6}},"14":{"start":{"line":118,"column":4},"end":{"line":118,"column":17}},"15":{"start":{"line":129,"column":0},"end":{"line":134,"column":2}},"16":{"start":{"line":130,"column":2},"end":{"line":133,"column":19}},"17":{"start":{"line":141,"column":0},"end":{"line":149,"column":2}},"18":{"start":{"line":142,"column":14},"end":{"line":142,"column":34}},"19":{"start":{"line":143,"column":14},"end":{"line":143,"column":38}},"20":{"start":{"line":145,"column":22},"end":{"line":145,"column":43}},"21":{"start":{"line":146,"column":20},"end":{"line":146,"column":47}},"22":{"start":{"line":147,"column":15},"end":{"line":147,"column":59}},"23":{"start":{"line":148,"column":2},"end":{"line":148,"column":36}},"24":{"start":{"line":151,"column":12},"end":{"line":151,"column":44}},"25":{"start":{"line":152,"column":0},"end":{"line":152,"column":24}},"26":{"start":{"line":154,"column":0},"end":{"line":154,"column":21}}},"fnMap":{"0":{"name":"(anonymous_0)","decl":{"start":{"line":87,"column":30},"end":{"line":87,"column":31}},"loc":{"start":{"line":87,"column":42},"end":{"line":89,"column":1}},"line":87},"1":{"name":"(anonymous_1)","decl":{"start":{"line":95,"column":32},"end":{"line":95,"column":33}},"loc":{"start":{"line":95,"column":44},"end":{"line":97,"column":1}},"line":95},"2":{"name":"(anonymous_2)","decl":{"start":{"line":105,"column":31},"end":{"line":105,"column":32}},"loc":{"start":{"line":105,"column":52},"end":{"line":120,"column":1}},"line":105},"3":{"name":"(anonymous_3)","decl":{"start":{"line":129,"column":29},"end":{"line":129,"column":30}},"loc":{"start":{"line":129,"column":50},"end":{"line":134,"column":1}},"line":129},"4":{"name":"(anonymous_4)","decl":{"start":{"line":141,"column":33},"end":{"line":141,"column":34}},"loc":{"start":{"line":141,"column":55},"end":{"line":149,"column":1}},"line":141}},"branchMap":{"0":{"loc":{"start":{"line":141,"column":43},"end":{"line":141,"column":53}},"type":"default-arg","locations":[{"start":{"line":141,"column":52},"end":{"line":141,"column":53}}],"line":141}},"s":{"0":1,"1":1,"2":1,"3":1,"4":1,"5":1,"6":1,"7":2,"8":1,"9":2,"10":1,"11":3,"12":3,"13":3,"14":0,"15":1,"16":11,"17":1,"18":11,"19":11,"20":11,"21":11,"22":11,"23":11,"24":1,"25":1,"26":1},"f":{"0":2,"1":2,"2":3,"3":11,"4":11},"b":{"0":[0]},"_coverageSchema":"1a1c01bbd47fc00a2c39e90264f33305004495a9","hash":"863f3013a064dbb1813eb4c5b676b8e01b466c0f"}
,"C:\\Users\\Sumit\\Desktop\\sms-system-otp\\models\\user.model.js": {"path":"C:\\Users\\Sumit\\Desktop\\sms-system-otp\\models\\user.model.js","statementMap":{"0":{"start":{"line":1,"column":17},"end":{"line":1,"column":36}},"1":{"start":{"line":2,"column":15},"end":{"line":2,"column":34}},"2":{"start":{"line":4,"column":19},"end":{"line":56,"column":1}},"3":{"start":{"line":51,"column":8},"end":{"line":51,"column":23}},"4":{"start":{"line":52,"column":8},"end":{"line":52,"column":19}},"5":{"start":{"line":59,"column":0},"end":{"line":59,"column":55}},"6":{"start":{"line":60,"column":0},"end":{"line":60,"column":41}},"7":{"start":{"line":61,"column":0},"end":{"line":61,"column":36}},"8":{"start":{"line":69,"column":0},"end":{"line":78,"column":2}},"9":{"start":{"line":70,"column":2},"end":{"line":77,"column":4}},"10":{"start":{"line":80,"column":13},"end":{"line":80,"column":47}},"11":{"start":{"line":82,"column":0},"end":{"line":82,"column":22}}},"fnMap":{"0":{"name":"(anonymous_0)","decl":{"start":{"line":50,"column":17},"end":{"line":50,"column":18}},"loc":{"start":{"line":50,"column":31},"end":{"line":53,"column":7}},"line":50},"1":{"name":"(anonymous_1)","decl":{"start":{"line":69,"column":34},"end":{"line":69,"column":35}},"loc":{"start":{"line":69,"column":46},"end":{"line":78,"column":1}},"line":69}},"branchMap":{},"s":{"0":0,"1":0,"2":0,"3":0,"4":0,"5":0,"6":0,"7":0,"8":0,"9":0,"10":0,"11":0},"f":{"0":0,"1":0},"b":{}}
,"C:\\Users\\Sumit\\Desktop\\sms-system-otp\\services\\jwt.services.js": {"path":"C:\\Users\\Sumit\\Desktop\\sms-system-otp\\services\\jwt.services.js","statementMap":{"0":{"start":{"line":1,"column":12},"end":{"line":1,"column":35}},"1":{"start":{"line":2,"column":15},"end":{"line":2,"column":42}},"2":{"start":{"line":6,"column":4},"end":{"line":6,"column":41}},"3":{"start":{"line":7,"column":4},"end":{"line":7,"column":56}},"4":{"start":{"line":9,"column":4},"end":{"line":11,"column":5}},"5":{"start":{"line":10,"column":6},"end":{"line":10,"column":103}},"6":{"start":{"line":20,"column":20},"end":{"line":25,"column":5}},"7":{"start":{"line":27,"column":4},"end":{"line":31,"column":7}},"8":{"start":{"line":40,"column":4},"end":{"line":57,"column":5}},"9":{"start":{"line":41,"column":22},"end":{"line":44,"column":8}},"10":{"start":{"line":45,"column":6},"end":{"line":45,"column":38}},"11":{"start":{"line":47,"column":23},"end":{"line":51,"column":7}},"12":{"start":{"line":53,"column":6},"end":{"line":56,"column":8}},"13":{"start":{"line":67,"column":4},"end":{"line":69,"column":5}},"14":{"start":{"line":68,"column":6},"end":{"line":68,"column":18}},"15":{"start":{"line":70,"column":4},"end":{"line":70,"column":50}},"16":{"start":{"line":74,"column":0},"end":{"line":74,"column":34}}},"fnMap":{"0":{"name":"(anonymous_0)","decl":{"start":{"line":5,"column":2},"end":{"line":5,"column":3}},"loc":{"start":{"line":5,"column":16},"end":{"line":12,"column":3}},"line":5},"1":{"name":"(anonymous_1)","decl":{"start":{"line":19,"column":2},"end":{"line":19,"column":3}},"loc":{"start":{"line":19,"column":22},"end":{"line":32,"column":3}},"line":19},"2":{"name":"(anonymous_2)","decl":{"start":{"line":39,"column":2},"end":{"line":39,"column":3}},"loc":{"start":{"line":39,"column":21},"end":{"line":58,"column":3}},"line":39},"3":{"name":"(anonymous_3)","decl":{"start":{"line":66,"column":2},"end":{"line":66,"column":3}},"loc":{"start":{"line":66,"column":32},"end":{"line":71,"column":3}},"line":66}},"branchMap":{"0":{"loc":{"start":{"line":7,"column":21},"end":{"line":7,"column":55}},"type":"binary-expr","locations":[{"start":{"line":7,"column":21},"end":{"line":7,"column":47}},{"start":{"line":7,"column":51},"end":{"line":7,"column":55}}],"line":7},"1":{"loc":{"start":{"line":9,"column":4},"end":{"line":11,"column":5}},"type":"if","locations":[{"start":{"line":9,"column":4},"end":{"line":11,"column":5}},{"start":{},"end":{}}],"line":9},"2":{"loc":{"start":{"line":9,"column":8},"end":{"line":9,"column":47}},"type":"binary-expr","locations":[{"start":{"line":9,"column":8},"end":{"line":9,"column":20}},{"start":{"line":9,"column":24},"end":{"line":9,"column":47}}],"line":9},"3":{"loc":{"start":{"line":30,"column":14},"end":{"line":30,"column":55}},"type":"binary-expr","locations":[{"start":{"line":30,"column":14},"end":{"line":30,"column":34}},{"start":{"line":30,"column":38},"end":{"line":30,"column":55}}],"line":30},"4":{"loc":{"start":{"line":43,"column":16},"end":{"line":43,"column":57}},"type":"binary-expr","locations":[{"start":{"line":43,"column":16},"end":{"line":43,"column":36}},{"start":{"line":43,"column":40},"end":{"line":43,"column":57}}],"line":43},"5":{"loc":{"start":{"line":55,"column":15},"end":{"line":55,"column":66}},"type":"binary-expr","locations":[{"start":{"line":55,"column":15},"end":{"line":55,"column":35}},{"start":{"line":55,"column":39},"end":{"line":55,"column":66}}],"line":55},"6":{"loc":{"start":{"line":67,"column":4},"end":{"line":69,"column":5}},"type":"if","locations":[{"start":{"line":67,"column":4},"end":{"line":69,"column":5}},{"start":{},"end":{}}],"line":67},"7":{"loc":{"start":{"line":67,"column":8},"end":{"line":67,"column":56}},"type":"binary-expr","locations":[{"start":{"line":67,"column":8},"end":{"line":67,"column":19}},{"start":{"line":67,"column":23},"end":{"line":67,"column":56}}],"line":67},"8":{"loc":{"start":{"line":70,"column":11},"end":{"line":70,"column":49}},"type":"binary-expr","locations":[{"start":{"line":70,"column":11},"end":{"line":70,"column":41}},{"start":{"line":70,"column":45},"end":{"line":70,"column":49}}],"line":70}},"s":{"0":1,"1":1,"2":1,"3":1,"4":1,"5":0,"6":1,"7":1,"8":2,"9":2,"10":1,"11":1,"12":1,"13":4,"14":3,"15":1,"16":1},"f":{"0":1,"1":1,"2":2,"3":4},"b":{"0":[1,0],"1":[0,1],"2":[1,1],"3":[1,0],"4":[2,0],"5":[1,0],"6":[3,1],"7":[4,2],"8":[1,0]},"_coverageSchema":"1a1c01bbd47fc00a2c39e90264f33305004495a9","hash":"337ae3b14da5fa815e0291ff79442ee27046310a"}
,"C:\\Users\\Sumit\\Desktop\\sms-system-otp\\services\\otp.service.js": {"path":"C:\\Users\\Sumit\\Desktop\\sms-system-otp\\services\\otp.service.js","statementMap":{"0":{"start":{"line":1,"column":12},"end":{"line":1,"column":42}},"1":{"start":{"line":2,"column":13},"end":{"line":2,"column":44}},"2":{"start":{"line":3,"column":19},"end":{"line":3,"column":53}},"3":{"start":{"line":4,"column":15},"end":{"line":4,"column":42}},"4":{"start":{"line":17,"column":4},"end":{"line":20,"column":6}},"5":{"start":{"line":23,"column":22},"end":{"line":23,"column":59}},"6":{"start":{"line":24,"column":26},"end":{"line":24,"column":71}},"7":{"start":{"line":25,"column":24},"end":{"line":25,"column":67}},"8":{"start":{"line":27,"column":22},"end":{"line":27,"column":49}},"9":{"start":{"line":28,"column":21},"end":{"line":28,"column":44}},"10":{"start":{"line":29,"column":22},"end":{"line":29,"column":70}},"11":{"start":{"line":32,"column":22},"end":{"line":38,"column":6}},"12":{"start":{"line":40,"column":4},"end":{"line":40,"column":93}},"13":{"start":{"line":43,"column":22},"end":{"line":43,"column":70}},"14":{"start":{"line":45,"column":4},"end":{"line":50,"column":6}},"15":{"start":{"line":64,"column":22},"end":{"line":67,"column":30}},"16":{"start":{"line":69,"column":4},"end":{"line":71,"column":5}},"17":{"start":{"line":70,"column":6},"end":{"line":70,"column":111}},"18":{"start":{"line":74,"column":4},"end":{"line":81,"column":5}},"19":{"start":{"line":75,"column":6},"end":{"line":75,"column":81}},"20":{"start":{"line":76,"column":6},"end":{"line":80,"column":8}},"21":{"start":{"line":84,"column":4},"end":{"line":91,"column":5}},"22":{"start":{"line":85,"column":6},"end":{"line":85,"column":83}},"23":{"start":{"line":86,"column":6},"end":{"line":90,"column":8}},"24":{"start":{"line":94,"column":20},"end":{"line":94,"column":46}},"25":{"start":{"line":96,"column":4},"end":{"line":121,"column":5}},"26":{"start":{"line":98,"column":22},"end":{"line":102,"column":7}},"27":{"start":{"line":104,"column":32},"end":{"line":104,"column":70}},"28":{"start":{"line":106,"column":6},"end":{"line":113,"column":7}},"29":{"start":{"line":107,"column":8},"end":{"line":107,"column":85}},"30":{"start":{"line":108,"column":8},"end":{"line":112,"column":10}},"31":{"start":{"line":115,"column":6},"end":{"line":120,"column":8}},"32":{"start":{"line":124,"column":4},"end":{"line":127,"column":7}},"33":{"start":{"line":130,"column":17},"end":{"line":141,"column":5}},"34":{"start":{"line":143,"column":4},"end":{"line":143,"column":89}},"35":{"start":{"line":145,"column":4},"end":{"line":145,"column":35}},"36":{"start":{"line":154,"column":28},"end":{"line":154,"column":83}},"37":{"start":{"line":155,"column":23},"end":{"line":155,"column":45}},"38":{"start":{"line":157,"column":22},"end":{"line":159,"column":26}},"39":{"start":{"line":161,"column":4},"end":{"line":161,"column":47}},"40":{"start":{"line":161,"column":20},"end":{"line":161,"column":47}},"41":{"start":{"line":163,"column":20},"end":{"line":163,"column":62}},"42":{"start":{"line":165,"column":4},"end":{"line":168,"column":5}},"43":{"start":{"line":166,"column":31},"end":{"line":166,"column":71}},"44":{"start":{"line":167,"column":6},"end":{"line":167,"column":52}},"45":{"start":{"line":170,"column":4},"end":{"line":170,"column":31}},"46":{"start":{"line":174,"column":4},"end":{"line":174,"column":49}},"47":{"start":{"line":174,"column":36},"end":{"line":174,"column":49}},"48":{"start":{"line":175,"column":4},"end":{"line":175,"column":55}},"49":{"start":{"line":184,"column":4},"end":{"line":184,"column":19}},"50":{"start":{"line":185,"column":4},"end":{"line":185,"column":27}},"51":{"start":{"line":186,"column":4},"end":{"line":186,"column":21}},"52":{"start":{"line":187,"column":4},"end":{"line":187,"column":33}},"53":{"start":{"line":188,"column":4},"end":{"line":188,"column":21}},"54":{"start":{"line":192,"column":0},"end":{"line":192,"column":34}},"55":{"start":{"line":193,"column":0},"end":{"line":193,"column":35}}},"fnMap":{"0":{"name":"(anonymous_0)","decl":{"start":{"line":15,"column":2},"end":{"line":15,"column":3}},"loc":{"start":{"line":15,"column":47},"end":{"line":51,"column":3}},"line":15},"1":{"name":"(anonymous_1)","decl":{"start":{"line":62,"column":2},"end":{"line":62,"column":3}},"loc":{"start":{"line":62,"column":37},"end":{"line":146,"column":3}},"line":62},"2":{"name":"(anonymous_2)","decl":{"start":{"line":153,"column":2},"end":{"line":153,"column":3}},"loc":{"start":{"line":153,"column":41},"end":{"line":171,"column":3}},"line":153},"3":{"name":"(anonymous_3)","decl":{"start":{"line":173,"column":2},"end":{"line":173,"column":3}},"loc":{"start":{"line":173,"column":20},"end":{"line":176,"column":3}},"line":173},"4":{"name":"(anonymous_4)","decl":{"start":{"line":183,"column":2},"end":{"line":183,"column":3}},"loc":{"start":{"line":183,"column":58},"end":{"line":189,"column":3}},"line":183}},"branchMap":{"0":{"loc":{"start":{"line":15,"column":29},"end":{"line":15,"column":45}},"type":"default-arg","locations":[{"start":{"line":15,"column":41},"end":{"line":15,"column":45}}],"line":15},"1":{"loc":{"start":{"line":23,"column":22},"end":{"line":23,"column":59}},"type":"binary-expr","locations":[{"start":{"line":23,"column":22},"end":{"line":23,"column":54}},{"start":{"line":23,"column":58},"end":{"line":23,"column":59}}],"line":23},"2":{"loc":{"start":{"line":24,"column":26},"end":{"line":24,"column":71}},"type":"binary-expr","locations":[{"start":{"line":24,"column":26},"end":{"line":24,"column":66}},{"start":{"line":24,"column":70},"end":{"line":24,"column":71}}],"line":24},"3":{"loc":{"start":{"line":25,"column":24},"end":{"line":25,"column":67}},"type":"binary-expr","locations":[{"start":{"line":25,"column":24},"end":{"line":25,"column":62}},{"start":{"line":25,"column":66},"end":{"line":25,"column":67}}],"line":25},"4":{"loc":{"start":{"line":49,"column":10},"end":{"line":49,"column":42}},"type":"binary-expr","locations":[{"start":{"line":49,"column":10},"end":{"line":49,"column":24}},{"start":{"line":49,"column":28},"end":{"line":49,"column":42}}],"line":49},"5":{"loc":{"start":{"line":69,"column":4},"end":{"line":71,"column":5}},"type":"if","locations":[{"start":{"line":69,"column":4},"end":{"line":71,"column":5}},{"start":{},"end":{}}],"line":69},"6":{"loc":{"start":{"line":74,"column":4},"end":{"line":81,"column":5}},"type":"if","locations":[{"start":{"line":74,"column":4},"end":{"line":81,"column":5}},{"start":{},"end":{}}],"line":74},"7":{"loc":{"start":{"line":84,"column":4},"end":{"line":91,"column":5}},"type":"if","locations":[{"start":{"line":84,"column":4},"end":{"line":91,"column":5}},{"start":{},"end":{}}],"line":84},"8":{"loc":{"start":{"line":96,"column":4},"end":{"line":121,"column":5}},"type":"if","locations":[{"start":{"line":96,"column":4},"end":{"line":121,"column":5}},{"start":{},"end":{}}],"line":96},"9":{"loc":{"start":{"line":106,"column":6},"end":{"line":113,"column":7}},"type":"if","locations":[{"start":{"line":106,"column":6},"end":{"line":113,"column":7}},{"start":{},"end":{}}],"line":106},"10":{"loc":{"start":{"line":154,"column":28},"end":{"line":154,"column":83}},"type":"binary-expr","locations":[{"start":{"line":154,"column":28},"end":{"line":154,"column":77}},{"start":{"line":154,"column":81},"end":{"line":154,"column":83}}],"line":154},"11":{"loc":{"start":{"line":161,"column":4},"end":{"line":161,"column":47}},"type":"if","locations":[{"start":{"line":161,"column":4},"end":{"line":161,"column":47}},{"start":{},"end":{}}],"line":161},"12":{"loc":{"start":{"line":165,"column":4},"end":{"line":168,"column":5}},"type":"if","locations":[{"start":{"line":165,"column":4},"end":{"line":168,"column":5}},{"start":{},"end":{}}],"line":165},"13":{"loc":{"start":{"line":174,"column":4},"end":{"line":174,"column":49}},"type":"if","locations":[{"start":{"line":174,"column":4},"end":{"line":174,"column":49}},{"start":{},"end":{}}],"line":174},"14":{"loc":{"start":{"line":174,"column":8},"end":{"line":174,"column":34}},"type":"binary-expr","locations":[{"start":{"line":174,"column":8},"end":{"line":174,"column":14}},{"start":{"line":174,"column":18},"end":{"line":174,"column":34}}],"line":174},"15":{"loc":{"start":{"line":183,"column":29},"end":{"line":183,"column":45}},"type":"default-arg","locations":[{"start":{"line":183,"column":42},"end":{"line":183,"column":45}}],"line":183},"16":{"loc":{"start":{"line":183,"column":47},"end":{"line":183,"column":56}},"type":"default-arg","locations":[{"start":{"line":183,"column":54},"end":{"line":183,"column":56}}],"line":183}},"s":{"0":0,"1":0,"2":0,"3":0,"4":0,"5":0,"6":0,"7":0,"8":0,"9":0,"10":0,"11":0,"12":0,"13":0,"14":0,"15":0,"16":0,"17":0,"18":0,"19":0,"20":0,"21":0,"22":0,"23":0,"24":0,"25":0,"26":0,"27":0,"28":0,"29":0,"30":0,"31":0,"32":0,"33":0,"34":0,"35":0,"36":0,"37":0,"38":0,"39":0,"40":0,"41":0,"42":0,"43":0,"44":0,"45":0,"46":0,"47":0,"48":0,"49":0,"50":0,"51":0,"52":0,"53":0,"54":0,"55":0},"f":{"0":0,"1":0,"2":0,"3":0,"4":0},"b":{"0":[0],"1":[0,0],"2":[0,0],"3":[0,0],"4":[0,0],"5":[0,0],"6":[0,0],"7":[0,0],"8":[0,0],"9":[0,0],"10":[0,0],"11":[0,0],"12":[0,0],"13":[0,0],"14":[0,0],"15":[0],"16":[0]}}
,"C:\\Users\\Sumit\\Desktop\\sms-system-otp\\services\\sms.service.js": {"path":"C:\\Users\\Sumit\\Desktop\\sms-system-otp\\services\\sms.service.js","statementMap":{"0":{"start":{"line":1,"column":15},"end":{"line":1,"column":32}},"1":{"start":{"line":2,"column":15},"end":{"line":2,"column":42}},"2":{"start":{"line":6,"column":4},"end":{"line":6,"column":23}},"3":{"start":{"line":7,"column":4},"end":{"line":7,"column":54}},"4":{"start":{"line":8,"column":4},"end":{"line":8,"column":23}},"5":{"start":{"line":16,"column":23},"end":{"line":16,"column":53}},"6":{"start":{"line":17,"column":22},"end":{"line":17,"column":51}},"7":{"start":{"line":19,"column":4},"end":{"line":28,"column":5}},"8":{"start":{"line":20,"column":6},"end":{"line":25,"column":7}},"9":{"start":{"line":21,"column":8},"end":{"line":21,"column":52}},"10":{"start":{"line":22,"column":8},"end":{"line":22,"column":55}},"11":{"start":{"line":24,"column":8},"end":{"line":24,"column":74}},"12":{"start":{"line":27,"column":6},"end":{"line":27,"column":79}},"13":{"start":{"line":38,"column":17},"end":{"line":38,"column":44}},"14":{"start":{"line":41,"column":4},"end":{"line":44,"column":5}},"15":{"start":{"line":42,"column":6},"end":{"line":42,"column":66}},"16":{"start":{"line":43,"column":6},"end":{"line":43,"column":76}},"17":{"start":{"line":46,"column":4},"end":{"line":58,"column":5}},"18":{"start":{"line":47,"column":22},"end":{"line":51,"column":8}},"19":{"start":{"line":53,"column":6},"end":{"line":53,"column":80}},"20":{"start":{"line":54,"column":6},"end":{"line":54,"column":55}},"21":{"start":{"line":56,"column":6},"end":{"line":56,"column":84}},"22":{"start":{"line":57,"column":6},"end":{"line":57,"column":52}},"23":{"start":{"line":67,"column":20},"end":{"line":67,"column":66}},"24":{"start":{"line":68,"column":23},"end":{"line":68,"column":58}},"25":{"start":{"line":69,"column":4},"end":{"line":69,"column":128}},"26":{"start":{"line":78,"column":4},"end":{"line":78,"column":49}},"27":{"start":{"line":78,"column":36},"end":{"line":78,"column":49}},"28":{"start":{"line":79,"column":4},"end":{"line":79,"column":55}},"29":{"start":{"line":88,"column":4},"end":{"line":88,"column":19}},"30":{"start":{"line":89,"column":4},"end":{"line":89,"column":27}},"31":{"start":{"line":90,"column":4},"end":{"line":90,"column":21}},"32":{"start":{"line":95,"column":0},"end":{"line":95,"column":34}},"33":{"start":{"line":96,"column":0},"end":{"line":96,"column":35}}},"fnMap":{"0":{"name":"(anonymous_0)","decl":{"start":{"line":5,"column":2},"end":{"line":5,"column":3}},"loc":{"start":{"line":5,"column":16},"end":{"line":9,"column":3}},"line":5},"1":{"name":"(anonymous_1)","decl":{"start":{"line":15,"column":2},"end":{"line":15,"column":3}},"loc":{"start":{"line":15,"column":16},"end":{"line":29,"column":3}},"line":15},"2":{"name":"(anonymous_2)","decl":{"start":{"line":37,"column":2},"end":{"line":37,"column":3}},"loc":{"start":{"line":37,"column":25},"end":{"line":59,"column":3}},"line":37},"3":{"name":"(anonymous_3)","decl":{"start":{"line":66,"column":2},"end":{"line":66,"column":3}},"loc":{"start":{"line":66,"column":25},"end":{"line":70,"column":3}},"line":66},"4":{"name":"(anonymous_4)","decl":{"start":{"line":77,"column":2},"end":{"line":77,"column":3}},"loc":{"start":{"line":77,"column":20},"end":{"line":80,"column":3}},"line":77},"5":{"name":"(anonymous_5)","decl":{"start":{"line":87,"column":2},"end":{"line":87,"column":3}},"loc":{"start":{"line":87,"column":29},"end":{"line":91,"column":3}},"line":87}},"branchMap":{"0":{"loc":{"start":{"line":19,"column":4},"end":{"line":28,"column":5}},"type":"if","locations":[{"start":{"line":19,"column":4},"end":{"line":28,"column":5}},{"start":{"line":26,"column":11},"end":{"line":28,"column":5}}],"line":19},"1":{"loc":{"start":{"line":19,"column":8},"end":{"line":19,"column":62}},"type":"binary-expr","locations":[{"start":{"line":19,"column":8},"end":{"line":19,"column":18}},{"start":{"line":19,"column":22},"end":{"line":19,"column":31}},{"start":{"line":19,"column":35},"end":{"line":19,"column":62}}],"line":19},"2":{"loc":{"start":{"line":41,"column":4},"end":{"line":44,"column":5}},"type":"if","locations":[{"start":{"line":41,"column":4},"end":{"line":44,"column":5}},{"start":{},"end":{}}],"line":41},"3":{"loc":{"start":{"line":67,"column":20},"end":{"line":67,"column":66}},"type":"binary-expr","locations":[{"start":{"line":67,"column":20},"end":{"line":67,"column":40}},{"start":{"line":67,"column":44},"end":{"line":67,"column":66}}],"line":67},"4":{"loc":{"start":{"line":68,"column":23},"end":{"line":68,"column":58}},"type":"binary-expr","locations":[{"start":{"line":68,"column":23},"end":{"line":68,"column":53}},{"start":{"line":68,"column":57},"end":{"line":68,"column":58}}],"line":68},"5":{"loc":{"start":{"line":78,"column":4},"end":{"line":78,"column":49}},"type":"if","locations":[{"start":{"line":78,"column":4},"end":{"line":78,"column":49}},{"start":{},"end":{}}],"line":78},"6":{"loc":{"start":{"line":78,"column":8},"end":{"line":78,"column":34}},"type":"binary-expr","locations":[{"start":{"line":78,"column":8},"end":{"line":78,"column":14}},{"start":{"line":78,"column":18},"end":{"line":78,"column":34}}],"line":78}},"s":{"0":0,"1":0,"2":0,"3":0,"4":0,"5":0,"6":0,"7":0,"8":0,"9":0,"10":0,"11":0,"12":0,"13":0,"14":0,"15":0,"16":0,"17":0,"18":0,"19":0,"20":0,"21":0,"22":0,"23":0,"24":0,"25":0,"26":0,"27":0,"28":0,"29":0,"30":0,"31":0,"32":0,"33":0},"f":{"0":0,"1":0,"2":0,"3":0,"4":0,"5":0},"b":{"0":[0,0],"1":[0,0,0],"2":[0,0],"3":[0,0],"4":[0,0],"5":[0,0],"6":[0,0]}}
}
